{"D:\\Netology\\2021\\task-JS4\\Lesson_9\\L9_t1\\src\\character.js": {"path":"D:\\Netology\\2021\\task-JS4\\Lesson_9\\L9_t1\\src\\character.js","statementMap":{"0":{"start":{"line":3,"column":4},"end":{"line":5,"column":5}},"1":{"start":{"line":4,"column":6},"end":{"line":4,"column":77}},"2":{"start":{"line":6,"column":16},"end":{"line":6,"column":81}},"3":{"start":{"line":7,"column":4},"end":{"line":9,"column":5}},"4":{"start":{"line":8,"column":6},"end":{"line":8,"column":120}},"5":{"start":{"line":10,"column":4},"end":{"line":10,"column":21}},"6":{"start":{"line":11,"column":4},"end":{"line":11,"column":21}},"7":{"start":{"line":12,"column":4},"end":{"line":12,"column":25}},"8":{"start":{"line":13,"column":4},"end":{"line":13,"column":23}},"9":{"start":{"line":14,"column":4},"end":{"line":14,"column":41}},"10":{"start":{"line":15,"column":4},"end":{"line":15,"column":27}},"11":{"start":{"line":19,"column":4},"end":{"line":21,"column":5}},"12":{"start":{"line":20,"column":6},"end":{"line":20,"column":43}},"13":{"start":{"line":22,"column":4},"end":{"line":22,"column":20}},"14":{"start":{"line":23,"column":4},"end":{"line":23,"column":52}},"15":{"start":{"line":24,"column":4},"end":{"line":24,"column":38}},"16":{"start":{"line":25,"column":4},"end":{"line":25,"column":23}},"17":{"start":{"line":29,"column":4},"end":{"line":31,"column":5}},"18":{"start":{"line":30,"column":6},"end":{"line":30,"column":43}},"19":{"start":{"line":32,"column":4},"end":{"line":32,"column":53}}},"fnMap":{"0":{"name":"(anonymous_0)","decl":{"start":{"line":2,"column":2},"end":{"line":2,"column":3}},"loc":{"start":{"line":2,"column":66},"end":{"line":16,"column":3}},"line":2},"1":{"name":"(anonymous_1)","decl":{"start":{"line":18,"column":2},"end":{"line":18,"column":3}},"loc":{"start":{"line":18,"column":12},"end":{"line":26,"column":3}},"line":18},"2":{"name":"(anonymous_2)","decl":{"start":{"line":28,"column":2},"end":{"line":28,"column":3}},"loc":{"start":{"line":28,"column":17},"end":{"line":33,"column":3}},"line":28}},"branchMap":{"0":{"loc":{"start":{"line":3,"column":4},"end":{"line":5,"column":5}},"type":"if","locations":[{"start":{"line":3,"column":4},"end":{"line":5,"column":5}},{"start":{},"end":{}}],"line":3},"1":{"loc":{"start":{"line":3,"column":8},"end":{"line":3,"column":47}},"type":"binary-expr","locations":[{"start":{"line":3,"column":9},"end":{"line":3,"column":24}},{"start":{"line":3,"column":30},"end":{"line":3,"column":46}}],"line":3},"2":{"loc":{"start":{"line":7,"column":4},"end":{"line":9,"column":5}},"type":"if","locations":[{"start":{"line":7,"column":4},"end":{"line":9,"column":5}},{"start":{},"end":{}}],"line":7},"3":{"loc":{"start":{"line":19,"column":4},"end":{"line":21,"column":5}},"type":"if","locations":[{"start":{"line":19,"column":4},"end":{"line":21,"column":5}},{"start":{},"end":{}}],"line":19},"4":{"loc":{"start":{"line":29,"column":4},"end":{"line":31,"column":5}},"type":"if","locations":[{"start":{"line":29,"column":4},"end":{"line":31,"column":5}},{"start":{},"end":{}}],"line":29}},"s":{"0":14,"1":2,"2":12,"3":12,"4":1,"5":11,"6":11,"7":11,"8":11,"9":11,"10":11,"11":2,"12":1,"13":1,"14":1,"15":1,"16":1,"17":2,"18":1,"19":1},"f":{"0":14,"1":2,"2":2},"b":{"0":[2,12],"1":[14,13],"2":[1,11],"3":[1,1],"4":[1,1]},"_coverageSchema":"1a1c01bbd47fc00a2c39e90264f33305004495a9","hash":"a2a4cad06ba7f1d144c5c8d835886e392cd1169d"}
,"D:\\Netology\\2021\\task-JS4\\Lesson_9\\L9_t1\\src\\daemon.js": {"path":"D:\\Netology\\2021\\task-JS4\\Lesson_9\\L9_t1\\src\\daemon.js","statementMap":{"0":{"start":{"line":5,"column":4},"end":{"line":5,"column":102}}},"fnMap":{"0":{"name":"(anonymous_0)","decl":{"start":{"line":4,"column":2},"end":{"line":4,"column":3}},"loc":{"start":{"line":4,"column":75},"end":{"line":6,"column":3}},"line":4}},"branchMap":{},"s":{"0":3},"f":{"0":3},"b":{},"_coverageSchema":"1a1c01bbd47fc00a2c39e90264f33305004495a9","hash":"09229e56d31afd0c6294e11d4b912ba1592e209a"}
,"D:\\Netology\\2021\\task-JS4\\Lesson_9\\L9_t1\\src\\magicbaseclass.js": {"path":"D:\\Netology\\2021\\task-JS4\\Lesson_9\\L9_t1\\src\\magicbaseclass.js","statementMap":{"0":{"start":{"line":5,"column":8},"end":{"line":5,"column":66}},"1":{"start":{"line":6,"column":8},"end":{"line":6,"column":21}},"2":{"start":{"line":10,"column":8},"end":{"line":10,"column":28}},"3":{"start":{"line":14,"column":8},"end":{"line":14,"column":65}},"4":{"start":{"line":15,"column":8},"end":{"line":17,"column":9}},"5":{"start":{"line":16,"column":12},"end":{"line":16,"column":29}},"6":{"start":{"line":21,"column":8},"end":{"line":21,"column":28}},"7":{"start":{"line":25,"column":8},"end":{"line":27,"column":9}},"8":{"start":{"line":26,"column":12},"end":{"line":26,"column":22}},"9":{"start":{"line":28,"column":8},"end":{"line":28,"column":63}}},"fnMap":{"0":{"name":"(anonymous_0)","decl":{"start":{"line":4,"column":4},"end":{"line":4,"column":5}},"loc":{"start":{"line":4,"column":68},"end":{"line":7,"column":5}},"line":4},"1":{"name":"(anonymous_1)","decl":{"start":{"line":9,"column":4},"end":{"line":9,"column":5}},"loc":{"start":{"line":9,"column":17},"end":{"line":11,"column":5}},"line":9},"2":{"name":"(anonymous_2)","decl":{"start":{"line":13,"column":4},"end":{"line":13,"column":5}},"loc":{"start":{"line":13,"column":21},"end":{"line":18,"column":5}},"line":13},"3":{"name":"(anonymous_3)","decl":{"start":{"line":20,"column":4},"end":{"line":20,"column":5}},"loc":{"start":{"line":20,"column":17},"end":{"line":22,"column":5}},"line":20},"4":{"name":"(anonymous_4)","decl":{"start":{"line":24,"column":4},"end":{"line":24,"column":5}},"loc":{"start":{"line":24,"column":21},"end":{"line":29,"column":5}},"line":24}},"branchMap":{"0":{"loc":{"start":{"line":15,"column":8},"end":{"line":17,"column":9}},"type":"if","locations":[{"start":{"line":15,"column":8},"end":{"line":17,"column":9}},{"start":{},"end":{}}],"line":15},"1":{"loc":{"start":{"line":25,"column":8},"end":{"line":27,"column":9}},"type":"if","locations":[{"start":{"line":25,"column":8},"end":{"line":27,"column":9}},{"start":{},"end":{}}],"line":25}},"s":{"0":6,"1":6,"2":2,"3":2,"4":2,"5":1,"6":2,"7":2,"8":1,"9":2},"f":{"0":6,"1":2,"2":2,"3":2,"4":2},"b":{"0":[1,1],"1":[1,1]},"_coverageSchema":"1a1c01bbd47fc00a2c39e90264f33305004495a9","hash":"4ddd10288416ee5e21ed172cd73c776d55a3bda2"}
,"D:\\Netology\\2021\\task-JS4\\Lesson_9\\L9_t1\\src\\magician.js": {"path":"D:\\Netology\\2021\\task-JS4\\Lesson_9\\L9_t1\\src\\magician.js","statementMap":{"0":{"start":{"line":5,"column":4},"end":{"line":5,"column":104}}},"fnMap":{"0":{"name":"(anonymous_0)","decl":{"start":{"line":4,"column":2},"end":{"line":4,"column":3}},"loc":{"start":{"line":4,"column":75},"end":{"line":6,"column":3}},"line":4}},"branchMap":{},"s":{"0":3},"f":{"0":3},"b":{},"_coverageSchema":"1a1c01bbd47fc00a2c39e90264f33305004495a9","hash":"f3a1376e17aaafa865b6858297a8c10aa7341d40"}
}
